
*** Running vivado
    with args -log multicore_top.vds -m64 -product Vivado -mode batch -messageDb vivado.pb -notrace -source multicore_top.tcl



****** Vivado v2021.1 (64-bit)
  **** SW Build 3247384 on Thu Jun 10 19:36:33 MDT 2021
  **** IP Build 3246043 on Fri Jun 11 00:30:35 MDT 2021
    ** Copyright 1986-2021 Xilinx, Inc. All Rights Reserved.

source multicore_top.tcl -notrace
Command: synth_design -top multicore_top -part xc7a35tcpg236-1
Starting synth_design
Attempting to get a license for feature 'Synthesis' and/or device 'xc7a35t'
INFO: [Common 17-349] Got license for feature 'Synthesis' and/or device 'xc7a35t'
INFO: [Device 21-403] Loading part xc7a35tcpg236-1
INFO: [Synth 8-7079] Multithreading enabled for synth_design using a maximum of 2 processes.
INFO: [Synth 8-7078] Launching helper process for spawning children vivado processes
INFO: [Synth 8-7075] Helper process launched with PID 12568
WARNING: [Synth 8-6901] identifier 'writedata_int' is used before its declaration [C:/Users/Aleck/Documents/UMD/Semesters/Fall2022/ENEE459D/FinalProject/Vivado_M_Version/NewVersion/Final2.xpr/project_1/project_1.srcs/sources_1/new/datapath.v:29]
---------------------------------------------------------------------------------
Starting RTL Elaboration : Time (s): cpu = 00:00:05 ; elapsed = 00:00:05 . Memory (MB): peak = 1168.270 ; gain = 0.000
---------------------------------------------------------------------------------
INFO: [Synth 8-6157] synthesizing module 'multicore_top' [C:/Users/Aleck/Documents/UMD/Semesters/Fall2022/ENEE459D/FinalProject/Vivado_M_Version/NewVersion/Final2.xpr/project_1/project_1.srcs/sources_1/new/multicore_top.v:3]
INFO: [Synth 8-6157] synthesizing module 'seven_segment_controller' [C:/Users/Aleck/Documents/UMD/Semesters/Fall2022/ENEE459D/FinalProject/Vivado_M_Version/NewVersion/Final2.xpr/project_1/project_1.srcs/sources_1/new/seven_segment_controller.v:21]
INFO: [Synth 8-226] default block is never used [C:/Users/Aleck/Documents/UMD/Semesters/Fall2022/ENEE459D/FinalProject/Vivado_M_Version/NewVersion/Final2.xpr/project_1/project_1.srcs/sources_1/new/seven_segment_controller.v:81]
INFO: [Synth 8-6155] done synthesizing module 'seven_segment_controller' (1#1) [C:/Users/Aleck/Documents/UMD/Semesters/Fall2022/ENEE459D/FinalProject/Vivado_M_Version/NewVersion/Final2.xpr/project_1/project_1.srcs/sources_1/new/seven_segment_controller.v:21]
INFO: [Synth 8-6157] synthesizing module 'mips' [C:/Users/Aleck/Documents/UMD/Semesters/Fall2022/ENEE459D/FinalProject/Vivado_M_Version/NewVersion/Final2.xpr/project_1/project_1.srcs/sources_1/new/mips.v:3]
	Parameter WIDTH bound to: 16 - type: integer 
	Parameter REGBITS bound to: 3 - type: integer 
INFO: [Synth 8-6157] synthesizing module 'controller' [C:/Users/Aleck/Documents/UMD/Semesters/Fall2022/ENEE459D/FinalProject/Vivado_M_Version/NewVersion/Final2.xpr/project_1/project_1.srcs/sources_1/new/controller.v:4]
INFO: [Synth 8-6155] done synthesizing module 'controller' (2#1) [C:/Users/Aleck/Documents/UMD/Semesters/Fall2022/ENEE459D/FinalProject/Vivado_M_Version/NewVersion/Final2.xpr/project_1/project_1.srcs/sources_1/new/controller.v:4]
INFO: [Synth 8-6157] synthesizing module 'alucontrol' [C:/Users/Aleck/Documents/UMD/Semesters/Fall2022/ENEE459D/FinalProject/Vivado_M_Version/NewVersion/Final2.xpr/project_1/project_1.srcs/sources_1/new/alucontrol.v:3]
INFO: [Synth 8-6155] done synthesizing module 'alucontrol' (3#1) [C:/Users/Aleck/Documents/UMD/Semesters/Fall2022/ENEE459D/FinalProject/Vivado_M_Version/NewVersion/Final2.xpr/project_1/project_1.srcs/sources_1/new/alucontrol.v:3]
INFO: [Synth 8-6157] synthesizing module 'datapath' [C:/Users/Aleck/Documents/UMD/Semesters/Fall2022/ENEE459D/FinalProject/Vivado_M_Version/NewVersion/Final2.xpr/project_1/project_1.srcs/sources_1/new/datapath.v:3]
	Parameter WIDTH bound to: 16 - type: integer 
	Parameter REGBITS bound to: 3 - type: integer 
INFO: [Synth 8-6157] synthesizing module 'mux2' [C:/Users/Aleck/Documents/UMD/Semesters/Fall2022/ENEE459D/FinalProject/Vivado_M_Version/NewVersion/Final2.xpr/project_1/project_1.srcs/sources_1/new/mux2.v:3]
	Parameter WIDTH bound to: 3 - type: integer 
INFO: [Synth 8-6155] done synthesizing module 'mux2' (4#1) [C:/Users/Aleck/Documents/UMD/Semesters/Fall2022/ENEE459D/FinalProject/Vivado_M_Version/NewVersion/Final2.xpr/project_1/project_1.srcs/sources_1/new/mux2.v:3]
INFO: [Synth 8-6157] synthesizing module 'flopenr' [C:/Users/Aleck/Documents/UMD/Semesters/Fall2022/ENEE459D/FinalProject/Vivado_M_Version/NewVersion/Final2.xpr/project_1/project_1.srcs/sources_1/new/flopenr.v:3]
	Parameter WIDTH bound to: 8 - type: integer 
INFO: [Synth 8-6155] done synthesizing module 'flopenr' (5#1) [C:/Users/Aleck/Documents/UMD/Semesters/Fall2022/ENEE459D/FinalProject/Vivado_M_Version/NewVersion/Final2.xpr/project_1/project_1.srcs/sources_1/new/flopenr.v:3]
INFO: [Synth 8-6157] synthesizing module 'flopenr__parameterized0' [C:/Users/Aleck/Documents/UMD/Semesters/Fall2022/ENEE459D/FinalProject/Vivado_M_Version/NewVersion/Final2.xpr/project_1/project_1.srcs/sources_1/new/flopenr.v:3]
	Parameter WIDTH bound to: 12 - type: integer 
INFO: [Synth 8-6155] done synthesizing module 'flopenr__parameterized0' (5#1) [C:/Users/Aleck/Documents/UMD/Semesters/Fall2022/ENEE459D/FinalProject/Vivado_M_Version/NewVersion/Final2.xpr/project_1/project_1.srcs/sources_1/new/flopenr.v:3]
INFO: [Synth 8-6157] synthesizing module 'flopenr__parameterized1' [C:/Users/Aleck/Documents/UMD/Semesters/Fall2022/ENEE459D/FinalProject/Vivado_M_Version/NewVersion/Final2.xpr/project_1/project_1.srcs/sources_1/new/flopenr.v:3]
	Parameter WIDTH bound to: 4 - type: integer 
INFO: [Synth 8-6155] done synthesizing module 'flopenr__parameterized1' (5#1) [C:/Users/Aleck/Documents/UMD/Semesters/Fall2022/ENEE459D/FinalProject/Vivado_M_Version/NewVersion/Final2.xpr/project_1/project_1.srcs/sources_1/new/flopenr.v:3]
WARNING: [Synth 8-689] width (16) of port connection 'd' does not match port width (4) of module 'flopenr__parameterized1' [C:/Users/Aleck/Documents/UMD/Semesters/Fall2022/ENEE459D/FinalProject/Vivado_M_Version/NewVersion/Final2.xpr/project_1/project_1.srcs/sources_1/new/datapath.v:87]
INFO: [Synth 8-6157] synthesizing module 'flop' [C:/Users/Aleck/Documents/UMD/Semesters/Fall2022/ENEE459D/FinalProject/Vivado_M_Version/NewVersion/Final2.xpr/project_1/project_1.srcs/sources_1/new/flop.v:3]
	Parameter WIDTH bound to: 8 - type: integer 
INFO: [Synth 8-6155] done synthesizing module 'flop' (6#1) [C:/Users/Aleck/Documents/UMD/Semesters/Fall2022/ENEE459D/FinalProject/Vivado_M_Version/NewVersion/Final2.xpr/project_1/project_1.srcs/sources_1/new/flop.v:3]
INFO: [Synth 8-6157] synthesizing module 'flop__parameterized0' [C:/Users/Aleck/Documents/UMD/Semesters/Fall2022/ENEE459D/FinalProject/Vivado_M_Version/NewVersion/Final2.xpr/project_1/project_1.srcs/sources_1/new/flop.v:3]
	Parameter WIDTH bound to: 16 - type: integer 
INFO: [Synth 8-6155] done synthesizing module 'flop__parameterized0' (6#1) [C:/Users/Aleck/Documents/UMD/Semesters/Fall2022/ENEE459D/FinalProject/Vivado_M_Version/NewVersion/Final2.xpr/project_1/project_1.srcs/sources_1/new/flop.v:3]
INFO: [Synth 8-6157] synthesizing module 'flopen' [C:/Users/Aleck/Documents/UMD/Semesters/Fall2022/ENEE459D/FinalProject/Vivado_M_Version/NewVersion/Final2.xpr/project_1/project_1.srcs/sources_1/new/flopen.v:3]
	Parameter WIDTH bound to: 16 - type: integer 
INFO: [Synth 8-6155] done synthesizing module 'flopen' (7#1) [C:/Users/Aleck/Documents/UMD/Semesters/Fall2022/ENEE459D/FinalProject/Vivado_M_Version/NewVersion/Final2.xpr/project_1/project_1.srcs/sources_1/new/flopen.v:3]
INFO: [Synth 8-6157] synthesizing module 'mux2__parameterized0' [C:/Users/Aleck/Documents/UMD/Semesters/Fall2022/ENEE459D/FinalProject/Vivado_M_Version/NewVersion/Final2.xpr/project_1/project_1.srcs/sources_1/new/mux2.v:3]
	Parameter WIDTH bound to: 16 - type: integer 
INFO: [Synth 8-6155] done synthesizing module 'mux2__parameterized0' (7#1) [C:/Users/Aleck/Documents/UMD/Semesters/Fall2022/ENEE459D/FinalProject/Vivado_M_Version/NewVersion/Final2.xpr/project_1/project_1.srcs/sources_1/new/mux2.v:3]
WARNING: [Synth 8-689] width (12) of port connection 'y' does not match port width (16) of module 'mux2__parameterized0' [C:/Users/Aleck/Documents/UMD/Semesters/Fall2022/ENEE459D/FinalProject/Vivado_M_Version/NewVersion/Final2.xpr/project_1/project_1.srcs/sources_1/new/datapath.v:115]
INFO: [Synth 8-6157] synthesizing module 'mux4' [C:/Users/Aleck/Documents/UMD/Semesters/Fall2022/ENEE459D/FinalProject/Vivado_M_Version/NewVersion/Final2.xpr/project_1/project_1.srcs/sources_1/new/mux4.v:3]
	Parameter WIDTH bound to: 16 - type: integer 
INFO: [Synth 8-6155] done synthesizing module 'mux4' (8#1) [C:/Users/Aleck/Documents/UMD/Semesters/Fall2022/ENEE459D/FinalProject/Vivado_M_Version/NewVersion/Final2.xpr/project_1/project_1.srcs/sources_1/new/mux4.v:3]
WARNING: [Synth 8-689] width (12) of port connection 'y' does not match port width (16) of module 'mux4' [C:/Users/Aleck/Documents/UMD/Semesters/Fall2022/ENEE459D/FinalProject/Vivado_M_Version/NewVersion/Final2.xpr/project_1/project_1.srcs/sources_1/new/datapath.v:137]
INFO: [Synth 8-6157] synthesizing module 'regfile' [C:/Users/Aleck/Documents/UMD/Semesters/Fall2022/ENEE459D/FinalProject/Vivado_M_Version/NewVersion/Final2.xpr/project_1/project_1.srcs/sources_1/new/regfile.v:3]
	Parameter WIDTH bound to: 16 - type: integer 
	Parameter REGBITS bound to: 3 - type: integer 
INFO: [Synth 8-6155] done synthesizing module 'regfile' (9#1) [C:/Users/Aleck/Documents/UMD/Semesters/Fall2022/ENEE459D/FinalProject/Vivado_M_Version/NewVersion/Final2.xpr/project_1/project_1.srcs/sources_1/new/regfile.v:3]
INFO: [Synth 8-6157] synthesizing module 'alu' [C:/Users/Aleck/Documents/UMD/Semesters/Fall2022/ENEE459D/FinalProject/Vivado_M_Version/NewVersion/Final2.xpr/project_1/project_1.srcs/sources_1/new/alu.v:3]
	Parameter WIDTH bound to: 16 - type: integer 
INFO: [Synth 8-6155] done synthesizing module 'alu' (10#1) [C:/Users/Aleck/Documents/UMD/Semesters/Fall2022/ENEE459D/FinalProject/Vivado_M_Version/NewVersion/Final2.xpr/project_1/project_1.srcs/sources_1/new/alu.v:3]
INFO: [Synth 8-6157] synthesizing module 'zerodetect' [C:/Users/Aleck/Documents/UMD/Semesters/Fall2022/ENEE459D/FinalProject/Vivado_M_Version/NewVersion/Final2.xpr/project_1/project_1.srcs/sources_1/new/zerodetect.v:3]
	Parameter WIDTH bound to: 16 - type: integer 
INFO: [Synth 8-6155] done synthesizing module 'zerodetect' (11#1) [C:/Users/Aleck/Documents/UMD/Semesters/Fall2022/ENEE459D/FinalProject/Vivado_M_Version/NewVersion/Final2.xpr/project_1/project_1.srcs/sources_1/new/zerodetect.v:3]
INFO: [Synth 8-6155] done synthesizing module 'datapath' (12#1) [C:/Users/Aleck/Documents/UMD/Semesters/Fall2022/ENEE459D/FinalProject/Vivado_M_Version/NewVersion/Final2.xpr/project_1/project_1.srcs/sources_1/new/datapath.v:3]
INFO: [Synth 8-6155] done synthesizing module 'mips' (13#1) [C:/Users/Aleck/Documents/UMD/Semesters/Fall2022/ENEE459D/FinalProject/Vivado_M_Version/NewVersion/Final2.xpr/project_1/project_1.srcs/sources_1/new/mips.v:3]
INFO: [Synth 8-6157] synthesizing module 'mem_arbiter' [C:/Users/Aleck/Documents/UMD/Semesters/Fall2022/ENEE459D/FinalProject/Vivado_M_Version/NewVersion/Final2.xpr/project_1/project_1.srcs/sources_1/new/mem_bus.v:3]
INFO: [Synth 8-6157] synthesizing module 'mux4__parameterized0' [C:/Users/Aleck/Documents/UMD/Semesters/Fall2022/ENEE459D/FinalProject/Vivado_M_Version/NewVersion/Final2.xpr/project_1/project_1.srcs/sources_1/new/mux4.v:3]
	Parameter WIDTH bound to: 12 - type: integer 
INFO: [Synth 8-6155] done synthesizing module 'mux4__parameterized0' (13#1) [C:/Users/Aleck/Documents/UMD/Semesters/Fall2022/ENEE459D/FinalProject/Vivado_M_Version/NewVersion/Final2.xpr/project_1/project_1.srcs/sources_1/new/mux4.v:3]
WARNING: [Synth 8-689] width (13) of port connection 'd1' does not match port width (12) of module 'mux4__parameterized0' [C:/Users/Aleck/Documents/UMD/Semesters/Fall2022/ENEE459D/FinalProject/Vivado_M_Version/NewVersion/Final2.xpr/project_1/project_1.srcs/sources_1/new/mem_bus.v:59]
WARNING: [Synth 8-689] width (13) of port connection 'd2' does not match port width (12) of module 'mux4__parameterized0' [C:/Users/Aleck/Documents/UMD/Semesters/Fall2022/ENEE459D/FinalProject/Vivado_M_Version/NewVersion/Final2.xpr/project_1/project_1.srcs/sources_1/new/mem_bus.v:60]
INFO: [Synth 8-6157] synthesizing module 'mux4__parameterized1' [C:/Users/Aleck/Documents/UMD/Semesters/Fall2022/ENEE459D/FinalProject/Vivado_M_Version/NewVersion/Final2.xpr/project_1/project_1.srcs/sources_1/new/mux4.v:3]
	Parameter WIDTH bound to: 8 - type: integer 
INFO: [Synth 8-6155] done synthesizing module 'mux4__parameterized1' (13#1) [C:/Users/Aleck/Documents/UMD/Semesters/Fall2022/ENEE459D/FinalProject/Vivado_M_Version/NewVersion/Final2.xpr/project_1/project_1.srcs/sources_1/new/mux4.v:3]
INFO: [Synth 8-6157] synthesizing module 'mux4__parameterized2' [C:/Users/Aleck/Documents/UMD/Semesters/Fall2022/ENEE459D/FinalProject/Vivado_M_Version/NewVersion/Final2.xpr/project_1/project_1.srcs/sources_1/new/mux4.v:3]
	Parameter WIDTH bound to: 1 - type: integer 
INFO: [Synth 8-6155] done synthesizing module 'mux4__parameterized2' (13#1) [C:/Users/Aleck/Documents/UMD/Semesters/Fall2022/ENEE459D/FinalProject/Vivado_M_Version/NewVersion/Final2.xpr/project_1/project_1.srcs/sources_1/new/mux4.v:3]
INFO: [Synth 8-6155] done synthesizing module 'mem_arbiter' (14#1) [C:/Users/Aleck/Documents/UMD/Semesters/Fall2022/ENEE459D/FinalProject/Vivado_M_Version/NewVersion/Final2.xpr/project_1/project_1.srcs/sources_1/new/mem_bus.v:3]
INFO: [Synth 8-6157] synthesizing module 'mem_map' [C:/Users/Aleck/Documents/UMD/Semesters/Fall2022/ENEE459D/FinalProject/Vivado_M_Version/NewVersion/Final2.xpr/project_1/project_1.srcs/sources_1/new/mem_bus.v:91]
INFO: [Synth 8-6155] done synthesizing module 'mem_map' (15#1) [C:/Users/Aleck/Documents/UMD/Semesters/Fall2022/ENEE459D/FinalProject/Vivado_M_Version/NewVersion/Final2.xpr/project_1/project_1.srcs/sources_1/new/mem_bus.v:91]
INFO: [Synth 8-6157] synthesizing module 'exmemory' [C:/Users/Aleck/Documents/UMD/Semesters/Fall2022/ENEE459D/FinalProject/Vivado_M_Version/NewVersion/Final2.xpr/project_1/project_1.srcs/sources_1/new/exmemory.v:3]
	Parameter WIDTH bound to: 8 - type: integer 
	Parameter ADDR_WIDTH bound to: 10 - type: integer 
INFO: [Synth 8-6155] done synthesizing module 'exmemory' (16#1) [C:/Users/Aleck/Documents/UMD/Semesters/Fall2022/ENEE459D/FinalProject/Vivado_M_Version/NewVersion/Final2.xpr/project_1/project_1.srcs/sources_1/new/exmemory.v:3]
INFO: [Synth 8-6157] synthesizing module 'ex_rom' [C:/Users/Aleck/Documents/UMD/Semesters/Fall2022/ENEE459D/FinalProject/Vivado_M_Version/NewVersion/Final2.xpr/project_1/project_1.srcs/sources_1/new/ex_rom.v:3]
INFO: [Synth 8-6155] done synthesizing module 'ex_rom' (17#1) [C:/Users/Aleck/Documents/UMD/Semesters/Fall2022/ENEE459D/FinalProject/Vivado_M_Version/NewVersion/Final2.xpr/project_1/project_1.srcs/sources_1/new/ex_rom.v:3]
INFO: [Synth 8-6157] synthesizing module 'io_regs' [C:/Users/Aleck/Documents/UMD/Semesters/Fall2022/ENEE459D/FinalProject/Vivado_M_Version/NewVersion/Final2.xpr/project_1/project_1.srcs/sources_1/new/io_regs.v:3]
INFO: [Synth 8-6155] done synthesizing module 'io_regs' (18#1) [C:/Users/Aleck/Documents/UMD/Semesters/Fall2022/ENEE459D/FinalProject/Vivado_M_Version/NewVersion/Final2.xpr/project_1/project_1.srcs/sources_1/new/io_regs.v:3]
INFO: [Synth 8-6157] synthesizing module 'mmu' [C:/Users/Aleck/Documents/UMD/Semesters/Fall2022/ENEE459D/FinalProject/Vivado_M_Version/NewVersion/Final2.xpr/project_1/project_1.srcs/sources_1/new/mmu.v:3]
INFO: [Synth 8-6155] done synthesizing module 'mmu' (19#1) [C:/Users/Aleck/Documents/UMD/Semesters/Fall2022/ENEE459D/FinalProject/Vivado_M_Version/NewVersion/Final2.xpr/project_1/project_1.srcs/sources_1/new/mmu.v:3]
INFO: [Synth 8-6155] done synthesizing module 'multicore_top' (20#1) [C:/Users/Aleck/Documents/UMD/Semesters/Fall2022/ENEE459D/FinalProject/Vivado_M_Version/NewVersion/Final2.xpr/project_1/project_1.srcs/sources_1/new/multicore_top.v:3]
---------------------------------------------------------------------------------
Finished RTL Elaboration : Time (s): cpu = 00:00:06 ; elapsed = 00:00:08 . Memory (MB): peak = 1168.270 ; gain = 0.000
---------------------------------------------------------------------------------
---------------------------------------------------------------------------------
Start Handling Custom Attributes
---------------------------------------------------------------------------------
---------------------------------------------------------------------------------
Finished Handling Custom Attributes : Time (s): cpu = 00:00:07 ; elapsed = 00:00:09 . Memory (MB): peak = 1168.270 ; gain = 0.000
---------------------------------------------------------------------------------
---------------------------------------------------------------------------------
Finished RTL Optimization Phase 1 : Time (s): cpu = 00:00:07 ; elapsed = 00:00:09 . Memory (MB): peak = 1168.270 ; gain = 0.000
---------------------------------------------------------------------------------
Netlist sorting complete. Time (s): cpu = 00:00:00 ; elapsed = 00:00:00.023 . Memory (MB): peak = 1168.270 ; gain = 0.000
INFO: [Project 1-570] Preparing netlist for logic optimization

Processing XDC Constraints
Initializing timing engine
Parsing XDC File [C:/Users/Aleck/Documents/UMD/Semesters/Fall2022/ENEE459D/FinalProject/Vivado_M_Version/NewVersion/Final2.xpr/project_1/project_1.srcs/constrs_1/new/constr.xdc]
Finished Parsing XDC File [C:/Users/Aleck/Documents/UMD/Semesters/Fall2022/ENEE459D/FinalProject/Vivado_M_Version/NewVersion/Final2.xpr/project_1/project_1.srcs/constrs_1/new/constr.xdc]
INFO: [Project 1-236] Implementation specific constraints were found while reading constraint file [C:/Users/Aleck/Documents/UMD/Semesters/Fall2022/ENEE459D/FinalProject/Vivado_M_Version/NewVersion/Final2.xpr/project_1/project_1.srcs/constrs_1/new/constr.xdc]. These constraints will be ignored for synthesis but will be used in implementation. Impacted constraints are listed in the file [.Xil/multicore_top_propImpl.xdc].
Resolution: To avoid this warning, move constraints listed in [.Xil/multicore_top_propImpl.xdc] to another XDC file and exclude this new file from synthesis with the used_in_synthesis property (File Properties dialog in GUI) and re-run elaboration/synthesis.
Completed Processing XDC Constraints

Netlist sorting complete. Time (s): cpu = 00:00:00 ; elapsed = 00:00:00.001 . Memory (MB): peak = 1168.270 ; gain = 0.000
INFO: [Project 1-111] Unisim Transformation Summary:
No Unisim elements were transformed.

Constraint Validation Runtime : Time (s): cpu = 00:00:00 ; elapsed = 00:00:00.087 . Memory (MB): peak = 1168.270 ; gain = 0.000
---------------------------------------------------------------------------------
Finished Constraint Validation : Time (s): cpu = 00:00:14 ; elapsed = 00:00:17 . Memory (MB): peak = 1168.270 ; gain = 0.000
---------------------------------------------------------------------------------
---------------------------------------------------------------------------------
Start Loading Part and Timing Information
---------------------------------------------------------------------------------
Loading part: xc7a35tcpg236-1
---------------------------------------------------------------------------------
Finished Loading Part and Timing Information : Time (s): cpu = 00:00:14 ; elapsed = 00:00:18 . Memory (MB): peak = 1168.270 ; gain = 0.000
---------------------------------------------------------------------------------
---------------------------------------------------------------------------------
Start Applying 'set_property' XDC Constraints
---------------------------------------------------------------------------------
---------------------------------------------------------------------------------
Finished applying 'set_property' XDC Constraints : Time (s): cpu = 00:00:14 ; elapsed = 00:00:18 . Memory (MB): peak = 1168.270 ; gain = 0.000
---------------------------------------------------------------------------------
INFO: [Synth 8-802] inferred FSM for state register 'state_reg' in module 'controller'
INFO: [Synth 8-802] inferred FSM for state register 'state_reg' in module 'mem_arbiter'
---------------------------------------------------------------------------------------------------
                   State |                     New Encoding |                Previous Encoding 
---------------------------------------------------------------------------------------------------
                  FETCH1 |                 0000000000000001 |                            00001
                  FETCH2 |                 0000000000000010 |                            00010
                  FETCH3 |                 0000000000000100 |                            00011
                  FETCH4 |                 0000000000001000 |                            00100
                  DECODE |                 0000000000010000 |                            00101
                  MEMADR |                 0000000000100000 |                            00110
                    LBRD |                 0000000001000000 |                            00111
                    LBWR |                 0000000010000000 |                            01000
                    SBWR |                 0000000100000000 |                            01001
                  ADDIWR |                 0000001000000000 |                            01111
                 RTYPEEX |                 0000010000000000 |                            01010
                 RTYPEWR |                 0000100000000000 |                            01011
                 BEQPREP |                 0001000000000000 |                            01100
                   BEQEX |                 0010000000000000 |                            01101
                     JEX |                 0100000000000000 |                            01110
                  WRSPEC |                 1000000000000000 |                            10000
---------------------------------------------------------------------------------------------------
INFO: [Synth 8-3354] encoded FSM with state register 'state_reg' using encoding 'one-hot' in module 'controller'
---------------------------------------------------------------------------------------------------
                   State |                     New Encoding |                Previous Encoding 
---------------------------------------------------------------------------------------------------
                NO_GRANT |                              001 |                               00
            CORE_1_GRANT |                              010 |                               10
            CORE_0_GRANT |                              100 |                               01
---------------------------------------------------------------------------------------------------
INFO: [Synth 8-3354] encoded FSM with state register 'state_reg' using encoding 'one-hot' in module 'mem_arbiter'
WARNING: [Synth 8-327] inferring latch for variable 'readdata_reg' [C:/Users/Aleck/Documents/UMD/Semesters/Fall2022/ENEE459D/FinalProject/Vivado_M_Version/NewVersion/Final2.xpr/project_1/project_1.srcs/sources_1/new/mem_bus.v:121]
---------------------------------------------------------------------------------
Finished RTL Optimization Phase 2 : Time (s): cpu = 00:00:14 ; elapsed = 00:00:19 . Memory (MB): peak = 1168.270 ; gain = 0.000
---------------------------------------------------------------------------------
---------------------------------------------------------------------------------
Start RTL Component Statistics 
---------------------------------------------------------------------------------
Detailed RTL Component Info : 
+---Adders : 
	   3 Input   16 Bit       Adders := 2     
+---Registers : 
	               16 Bit    Registers := 7     
	               12 Bit    Registers := 2     
	                8 Bit    Registers := 11    
	                4 Bit    Registers := 3     
+---RAMs : 
	               8K Bit	(256 X 32 bit)          RAMs := 1     
	              120 Bit	(8 X 15 bit)          RAMs := 2     
+---Muxes : 
	   4 Input   32 Bit        Muxes := 2     
	  16 Input   16 Bit        Muxes := 2     
	   2 Input   16 Bit        Muxes := 21    
	   8 Input   16 Bit        Muxes := 2     
	   4 Input   16 Bit        Muxes := 7     
	   2 Input   15 Bit        Muxes := 4     
	   2 Input   12 Bit        Muxes := 2     
	   4 Input   12 Bit        Muxes := 1     
	   4 Input    8 Bit        Muxes := 3     
	   2 Input    8 Bit        Muxes := 3     
	   4 Input    4 Bit        Muxes := 2     
	  10 Input    4 Bit        Muxes := 2     
	   2 Input    4 Bit        Muxes := 8     
	   2 Input    3 Bit        Muxes := 5     
	   3 Input    3 Bit        Muxes := 1     
	   4 Input    3 Bit        Muxes := 3     
	  16 Input    2 Bit        Muxes := 2     
	  16 Input    1 Bit        Muxes := 10    
	   4 Input    1 Bit        Muxes := 2     
	   2 Input    1 Bit        Muxes := 3     
---------------------------------------------------------------------------------
Finished RTL Component Statistics 
---------------------------------------------------------------------------------
---------------------------------------------------------------------------------
Start Part Resource Summary
---------------------------------------------------------------------------------
Part Resources:
DSPs: 90 (col length:60)
BRAMs: 100 (col length: RAMB18 60 RAMB36 30)
---------------------------------------------------------------------------------
Finished Part Resource Summary
---------------------------------------------------------------------------------
---------------------------------------------------------------------------------
Start Cross Boundary and Area Optimization
---------------------------------------------------------------------------------
INFO: [Synth 8-6851] RAM (my_mem/RAM_reg) has partial Byte Wide Write Enable pattern, however no output register found in fanout of RAM. Recommended to use supported Byte Wide Write Enable template. 
---------------------------------------------------------------------------------
Finished Cross Boundary and Area Optimization : Time (s): cpu = 00:00:18 ; elapsed = 00:00:24 . Memory (MB): peak = 1168.270 ; gain = 0.000
---------------------------------------------------------------------------------
---------------------------------------------------------------------------------
Start ROM, RAM, DSP, Shift Register and Retiming Reporting
---------------------------------------------------------------------------------

Distributed RAM: Preliminary Mapping Report (see note below)
+--------------+-------------------------+-----------+----------------------+-----------------+
|Module Name   | RTL Object              | Inference | Size (Depth x Width) | Primitives      | 
+--------------+-------------------------+-----------+----------------------+-----------------+
|multicore_top | my_core_0/dp/rf/RAM_reg | Implied   | 8 x 15               | RAM32M x 6      | 
|multicore_top | my_core_1/dp/rf/RAM_reg | Implied   | 8 x 15               | RAM32M x 6      | 
|multicore_top | my_mem/RAM_reg          | Implied   | 256 x 32             | RAM256X1S x 32  | 
+--------------+-------------------------+-----------+----------------------+-----------------+

Note: The table above is a preliminary report that shows the Distributed RAMs at the current stage of the synthesis flow. Some Distributed RAMs may be reimplemented as non Distributed RAM primitives later in the synthesis flow. Multiple instantiated RAMs are reported only once.
---------------------------------------------------------------------------------
Finished ROM, RAM, DSP, Shift Register and Retiming Reporting
---------------------------------------------------------------------------------
---------------------------------------------------------------------------------
Start Applying XDC Timing Constraints
---------------------------------------------------------------------------------
---------------------------------------------------------------------------------
Finished Applying XDC Timing Constraints : Time (s): cpu = 00:00:25 ; elapsed = 00:00:31 . Memory (MB): peak = 1168.270 ; gain = 0.000
---------------------------------------------------------------------------------
---------------------------------------------------------------------------------
Start Timing Optimization
---------------------------------------------------------------------------------
---------------------------------------------------------------------------------
Finished Timing Optimization : Time (s): cpu = 00:00:25 ; elapsed = 00:00:31 . Memory (MB): peak = 1168.270 ; gain = 0.000
---------------------------------------------------------------------------------
---------------------------------------------------------------------------------
Start ROM, RAM, DSP, Shift Register and Retiming Reporting
---------------------------------------------------------------------------------

Distributed RAM: Final Mapping Report
+--------------+-------------------------+-----------+----------------------+-----------------+
|Module Name   | RTL Object              | Inference | Size (Depth x Width) | Primitives      | 
+--------------+-------------------------+-----------+----------------------+-----------------+
|multicore_top | my_core_0/dp/rf/RAM_reg | Implied   | 8 x 15               | RAM32M x 6      | 
|multicore_top | my_core_1/dp/rf/RAM_reg | Implied   | 8 x 15               | RAM32M x 6      | 
|multicore_top | my_mem/RAM_reg          | Implied   | 256 x 32             | RAM256X1S x 32  | 
+--------------+-------------------------+-----------+----------------------+-----------------+

---------------------------------------------------------------------------------
Finished ROM, RAM, DSP, Shift Register and Retiming Reporting
---------------------------------------------------------------------------------
---------------------------------------------------------------------------------
Start Technology Mapping
---------------------------------------------------------------------------------
---------------------------------------------------------------------------------
Finished Technology Mapping : Time (s): cpu = 00:00:25 ; elapsed = 00:00:32 . Memory (MB): peak = 1168.270 ; gain = 0.000
---------------------------------------------------------------------------------
---------------------------------------------------------------------------------
Start IO Insertion
---------------------------------------------------------------------------------
---------------------------------------------------------------------------------
Start Flattening Before IO Insertion
---------------------------------------------------------------------------------
---------------------------------------------------------------------------------
Finished Flattening Before IO Insertion
---------------------------------------------------------------------------------
---------------------------------------------------------------------------------
Start Final Netlist Cleanup
---------------------------------------------------------------------------------
---------------------------------------------------------------------------------
Finished Final Netlist Cleanup
---------------------------------------------------------------------------------
---------------------------------------------------------------------------------
Finished IO Insertion : Time (s): cpu = 00:00:29 ; elapsed = 00:00:36 . Memory (MB): peak = 1168.270 ; gain = 0.000
---------------------------------------------------------------------------------
---------------------------------------------------------------------------------
Start Renaming Generated Instances
---------------------------------------------------------------------------------
---------------------------------------------------------------------------------
Finished Renaming Generated Instances : Time (s): cpu = 00:00:29 ; elapsed = 00:00:36 . Memory (MB): peak = 1168.270 ; gain = 0.000
---------------------------------------------------------------------------------
---------------------------------------------------------------------------------
Start Rebuilding User Hierarchy
---------------------------------------------------------------------------------
---------------------------------------------------------------------------------
Finished Rebuilding User Hierarchy : Time (s): cpu = 00:00:29 ; elapsed = 00:00:36 . Memory (MB): peak = 1168.270 ; gain = 0.000
---------------------------------------------------------------------------------
---------------------------------------------------------------------------------
Start Renaming Generated Ports
---------------------------------------------------------------------------------
---------------------------------------------------------------------------------
Finished Renaming Generated Ports : Time (s): cpu = 00:00:29 ; elapsed = 00:00:36 . Memory (MB): peak = 1168.270 ; gain = 0.000
---------------------------------------------------------------------------------
---------------------------------------------------------------------------------
Start Handling Custom Attributes
---------------------------------------------------------------------------------
---------------------------------------------------------------------------------
Finished Handling Custom Attributes : Time (s): cpu = 00:00:29 ; elapsed = 00:00:36 . Memory (MB): peak = 1168.270 ; gain = 0.000
---------------------------------------------------------------------------------
---------------------------------------------------------------------------------
Start Renaming Generated Nets
---------------------------------------------------------------------------------
---------------------------------------------------------------------------------
Finished Renaming Generated Nets : Time (s): cpu = 00:00:29 ; elapsed = 00:00:36 . Memory (MB): peak = 1168.270 ; gain = 0.000
---------------------------------------------------------------------------------
---------------------------------------------------------------------------------
Start Writing Synthesis Report
---------------------------------------------------------------------------------

Report BlackBoxes: 
+-+--------------+----------+
| |BlackBox name |Instances |
+-+--------------+----------+
+-+--------------+----------+

Report Cell Usage: 
+------+----------+------+
|      |Cell      |Count |
+------+----------+------+
|1     |BUFG      |     2|
|2     |CARRY4    |    17|
|3     |LUT1      |     4|
|4     |LUT2      |    44|
|5     |LUT3      |    66|
|6     |LUT4      |    62|
|7     |LUT5      |    60|
|8     |LUT6      |   204|
|9     |RAM256X1S |    32|
|10    |RAM32M    |    12|
|11    |FDCE      |    20|
|12    |FDRE      |   250|
|13    |FDSE      |     7|
|14    |LD        |     8|
|15    |IBUF      |    11|
|16    |OBUF      |    11|
+------+----------+------+
---------------------------------------------------------------------------------
Finished Writing Synthesis Report : Time (s): cpu = 00:00:29 ; elapsed = 00:00:36 . Memory (MB): peak = 1168.270 ; gain = 0.000
---------------------------------------------------------------------------------
Synthesis finished with 0 errors, 0 critical warnings and 1 warnings.
Synthesis Optimization Runtime : Time (s): cpu = 00:00:21 ; elapsed = 00:00:32 . Memory (MB): peak = 1168.270 ; gain = 0.000
Synthesis Optimization Complete : Time (s): cpu = 00:00:30 ; elapsed = 00:00:36 . Memory (MB): peak = 1168.270 ; gain = 0.000
INFO: [Project 1-571] Translating synthesized netlist
Netlist sorting complete. Time (s): cpu = 00:00:00 ; elapsed = 00:00:00.023 . Memory (MB): peak = 1168.270 ; gain = 0.000
INFO: [Netlist 29-17] Analyzing 69 Unisim elements for replacement
INFO: [Netlist 29-28] Unisim Transformation completed in 0 CPU seconds
INFO: [Project 1-570] Preparing netlist for logic optimization
INFO: [Opt 31-138] Pushed 0 inverter(s) to 0 load pin(s).
Netlist sorting complete. Time (s): cpu = 00:00:00 ; elapsed = 00:00:00 . Memory (MB): peak = 1168.270 ; gain = 0.000
INFO: [Project 1-111] Unisim Transformation Summary:
  A total of 52 instances were transformed.
  LD => LDCE: 8 instances
  RAM256X1S => RAM256X1S (MUXF7(x2), MUXF8, RAMS64E(x4)): 32 instances
  RAM32M => RAM32M (RAMD32(x6), RAMS32(x2)): 12 instances

Synth Design complete, checksum: 2a3530fe
INFO: [Common 17-83] Releasing license: Synthesis
75 Infos, 7 Warnings, 0 Critical Warnings and 0 Errors encountered.
synth_design completed successfully
synth_design: Time (s): cpu = 00:00:34 ; elapsed = 00:00:41 . Memory (MB): peak = 1168.270 ; gain = 0.000
INFO: [Common 17-1381] The checkpoint 'C:/Users/Aleck/Documents/UMD/Semesters/Fall2022/ENEE459D/FinalProject/Vivado_M_Version/NewVersion/Final2.xpr/project_1/project_1.runs/synth_1/multicore_top.dcp' has been generated.
INFO: [runtcl-4] Executing : report_utilization -file multicore_top_utilization_synth.rpt -pb multicore_top_utilization_synth.pb
INFO: [Common 17-206] Exiting Vivado at Tue Dec  7 18:10:36 2021...
